<?xml version="1.0" encoding="UTF-8"?>
<testsuite name="_4_RemoveVertexEdgeTests" tests="1" skipped="0" failures="0" errors="0" timestamp="2023-03-26T23:36:52" hostname="LLTWN.local" time="25.87">
  <properties/>
  <testcase name="start" classname="_4_RemoveVertexEdgeTests" time="25.87"/>
  <system-out><![CDATA[?[1;31m
Start test 1 (18)?[0m
?[1;31m
Start test 2 (19)?[0m
?[1;31m
Start test 3 (20)?[0m
?[1;31m
Start test 4 (21)?[0m
?[1;31m
Start test 5 (22)?[0m
?[1;31m
Start test 6 (23)?[0m
?[1;31m
Start test 7 (24)?[0m
?[1;31m
Start test 8 (25)?[0m
?[1;31m
Start test 9 (26)?[0m
?[1;31m
Start test 10 (27)?[0m
]]></system-out>
  <system-err><![CDATA[?[0m?[0;34mException in thread "AWT-EventQueue-0" java.util.ConcurrentModificationException
?[0m?[0;34m	at java.base/java.util.HashMap$KeySpliterator.forEachRemaining(HashMap.java:1712)
?[0m?[0;34m	at java.base/java.util.stream.AbstractPipeline.copyInto(AbstractPipeline.java:509)
?[0m?[0;34m	at java.base/java.util.stream.AbstractPipeline.wrapAndCopyInto(AbstractPipeline.java:499)
?[0m?[0;34m	at java.base/java.util.stream.ForEachOps$ForEachOp.evaluateSequential(ForEachOps.java:150)
?[0m?[0;34m	at java.base/java.util.stream.ForEachOps$ForEachOp$OfRef.evaluateSequential(ForEachOps.java:173)
?[0m?[0;34m	at java.base/java.util.stream.AbstractPipeline.evaluate(AbstractPipeline.java:234)
?[0m?[0;34m	at java.base/java.util.stream.ReferencePipeline.forEach(ReferencePipeline.java:596)
?[0m?[0;34m	at visualizer.UndirectedGraph.removeVertex(UndirectedGraph.java:164)
?[0m?[0;34m	at visualizer.Vertex.removeVertex(Vertex.java:119)
?[0m?[0;34m	at visualizer.Vertex$1.mouseClicked(Vertex.java:64)
?[0m?[0;34m	at java.desktop/java.awt.Component.processMouseEvent(Component.java:6629)
?[0m?[0;34m	at java.desktop/javax.swing.JComponent.processMouseEvent(JComponent.java:3389)
?[0m?[0;34m	at java.desktop/java.awt.Component.processEvent(Component.java:6391)
?[0m?[0;34m	at java.desktop/java.awt.Container.processEvent(Container.java:2266)
?[0m?[0;34m	at java.desktop/java.awt.Component.dispatchEventImpl(Component.java:5001)
?[0m?[0;34m	at java.desktop/java.awt.Container.dispatchEventImpl(Container.java:2324)
?[0m?[0;34m	at java.desktop/java.awt.Component.dispatchEvent(Component.java:4833)
?[0m?[0;34m	at java.desktop/java.awt.LightweightDispatcher.retargetMouseEvent(Container.java:4948)
?[0m?[0;34m	at java.desktop/java.awt.LightweightDispatcher.processMouseEvent(Container.java:4584)
?[0m?[0;34m	at java.desktop/java.awt.LightweightDispatcher.dispatchEvent(Container.java:4516)
?[0m?[0;34m	at java.desktop/java.awt.Container.dispatchEventImpl(Container.java:2310)
?[0m?[0;34m	at java.desktop/java.awt.Window.dispatchEventImpl(Window.java:2780)
?[0m?[0;34m	at java.desktop/java.awt.Component.dispatchEvent(Component.java:4833)
?[0m?[0;34m	at java.desktop/java.awt.EventQueue.dispatchEventImpl(EventQueue.java:773)
?[0m?[0;34m	at java.desktop/java.awt.EventQueue$4.run(EventQueue.java:722)
?[0m?[0;34m	at java.desktop/java.awt.EventQueue$4.run(EventQueue.java:716)
?[0m?[0;34m	at java.base/java.security.AccessController.doPrivileged(AccessController.java:399)
?[0m?[0;34m	at java.base/java.security.ProtectionDomain$JavaSecurityAccessImpl.doIntersectionPrivilege(ProtectionDomain.java:86)
?[0m?[0;34m	at java.base/java.security.ProtectionDomain$JavaSecurityAccessImpl.doIntersectionPrivilege(ProtectionDomain.java:97)
?[0m?[0;34m	at java.desktop/java.awt.EventQueue$5.run(EventQueue.java:746)
?[0m?[0;34m	at java.desktop/java.awt.EventQueue$5.run(EventQueue.java:744)
?[0m?[0;34m	at java.base/java.security.AccessController.doPrivileged(AccessController.java:399)
?[0m?[0;34m	at java.base/java.security.ProtectionDomain$JavaSecurityAccessImpl.doIntersectionPrivilege(ProtectionDomain.java:86)
?[0m?[0;34m	at java.desktop/java.awt.EventQueue.dispatchEvent(EventQueue.java:743)
?[0m?[0;34m	at java.desktop/java.awt.EventDispatchThread.pumpOneEventForFilters(EventDispatchThread.java:203)
?[0m?[0;34m	at java.desktop/java.awt.EventDispatchThread.pumpEventsForFilter(EventDispatchThread.java:124)
?[0m?[0;34m	at java.desktop/java.awt.EventDispatchThread.pumpEventsForHierarchy(EventDispatchThread.java:113)
?[0m?[0;34m	at java.desktop/java.awt.EventDispatchThread.pumpEvents(EventDispatchThread.java:109)
?[0m?[0;34m	at java.desktop/java.awt.EventDispatchThread.pumpEvents(EventDispatchThread.java:101)
?[0m?[0;34m	at java.desktop/java.awt.EventDispatchThread.run(EventDispatchThread.java:90)
?[0m?[0;34mException in thread "AWT-EventQueue-0" java.util.ConcurrentModificationException
?[0m?[0;34m	at java.base/java.util.HashMap$KeySpliterator.forEachRemaining(HashMap.java:1712)
?[0m?[0;34m	at java.base/java.util.stream.AbstractPipeline.copyInto(AbstractPipeline.java:509)
?[0m?[0;34m	at java.base/java.util.stream.AbstractPipeline.wrapAndCopyInto(AbstractPipeline.java:499)
?[0m?[0;34m	at java.base/java.util.stream.ForEachOps$ForEachOp.evaluateSequential(ForEachOps.java:150)
?[0m?[0;34m	at java.base/java.util.stream.ForEachOps$ForEachOp$OfRef.evaluateSequential(ForEachOps.java:173)
?[0m?[0;34m	at java.base/java.util.stream.AbstractPipeline.evaluate(AbstractPipeline.java:234)
?[0m?[0;34m	at java.base/java.util.stream.ReferencePipeline.forEach(ReferencePipeline.java:596)
?[0m?[0;34m	at visualizer.UndirectedGraph.removeVertex(UndirectedGraph.java:164)
?[0m?[0;34m	at visualizer.Vertex.removeVertex(Vertex.java:119)
?[0m?[0;34m	at visualizer.Vertex$1.mouseClicked(Vertex.java:64)
?[0m?[0;34m	at java.desktop/java.awt.Component.processMouseEvent(Component.java:6629)
?[0m?[0;34m	at java.desktop/javax.swing.JComponent.processMouseEvent(JComponent.java:3389)
?[0m?[0;34m	at java.desktop/java.awt.Component.processEvent(Component.java:6391)
?[0m?[0;34m	at java.desktop/java.awt.Container.processEvent(Container.java:2266)
?[0m?[0;34m	at java.desktop/java.awt.Component.dispatchEventImpl(Component.java:5001)
?[0m?[0;34m	at java.desktop/java.awt.Container.dispatchEventImpl(Container.java:2324)
?[0m?[0;34m	at java.desktop/java.awt.Component.dispatchEvent(Component.java:4833)
?[0m?[0;34m	at java.desktop/java.awt.LightweightDispatcher.retargetMouseEvent(Container.java:4948)
?[0m?[0;34m	at java.desktop/java.awt.LightweightDispatcher.processMouseEvent(Container.java:4584)
?[0m?[0;34m	at java.desktop/java.awt.LightweightDispatcher.dispatchEvent(Container.java:4516)
?[0m?[0;34m	at java.desktop/java.awt.Container.dispatchEventImpl(Container.java:2310)
?[0m?[0;34m	at java.desktop/java.awt.Window.dispatchEventImpl(Window.java:2780)
?[0m?[0;34m	at java.desktop/java.awt.Component.dispatchEvent(Component.java:4833)
?[0m?[0;34m	at java.desktop/java.awt.EventQueue.dispatchEventImpl(EventQueue.java:773)
?[0m?[0;34m	at java.desktop/java.awt.EventQueue$4.run(EventQueue.java:722)
?[0m?[0;34m	at java.desktop/java.awt.EventQueue$4.run(EventQueue.java:716)
?[0m?[0;34m	at java.base/java.security.AccessController.doPrivileged(AccessController.java:399)
?[0m?[0;34m	at java.base/java.security.ProtectionDomain$JavaSecurityAccessImpl.doIntersectionPrivilege(ProtectionDomain.java:86)
?[0m?[0;34m	at java.base/java.security.ProtectionDomain$JavaSecurityAccessImpl.doIntersectionPrivilege(ProtectionDomain.java:97)
?[0m?[0;34m	at java.desktop/java.awt.EventQueue$5.run(EventQueue.java:746)
?[0m?[0;34m	at java.desktop/java.awt.EventQueue$5.run(EventQueue.java:744)
?[0m?[0;34m	at java.base/java.security.AccessController.doPrivileged(AccessController.java:399)
?[0m?[0;34m	at java.base/java.security.ProtectionDomain$JavaSecurityAccessImpl.doIntersectionPrivilege(ProtectionDomain.java:86)
?[0m?[0;34m	at java.desktop/java.awt.EventQueue.dispatchEvent(EventQueue.java:743)
?[0m?[0;34m	at java.desktop/java.awt.EventDispatchThread.pumpOneEventForFilters(EventDispatchThread.java:203)
?[0m?[0;34m	at java.desktop/java.awt.EventDispatchThread.pumpEventsForFilter(EventDispatchThread.java:124)
?[0m?[0;34m	at java.desktop/java.awt.EventDispatchThread.pumpEventsForHierarchy(EventDispatchThread.java:113)
?[0m?[0;34m	at java.desktop/java.awt.EventDispatchThread.pumpEvents(EventDispatchThread.java:109)
?[0m?[0;34m	at java.desktop/java.awt.EventDispatchThread.pumpEvents(EventDispatchThread.java:101)
?[0m?[0;34m	at java.desktop/java.awt.EventDispatchThread.run(EventDispatchThread.java:90)
?[0m?[0;34mException in thread "AWT-EventQueue-0" java.util.ConcurrentModificationException
?[0m?[0;34m	at java.base/java.util.HashMap$KeySpliterator.forEachRemaining(HashMap.java:1712)
?[0m?[0;34m	at java.base/java.util.stream.AbstractPipeline.copyInto(AbstractPipeline.java:509)
?[0m?[0;34m	at java.base/java.util.stream.AbstractPipeline.wrapAndCopyInto(AbstractPipeline.java:499)
?[0m?[0;34m	at java.base/java.util.stream.ForEachOps$ForEachOp.evaluateSequential(ForEachOps.java:150)
?[0m?[0;34m	at java.base/java.util.stream.ForEachOps$ForEachOp$OfRef.evaluateSequential(ForEachOps.java:173)
?[0m?[0;34m	at java.base/java.util.stream.AbstractPipeline.evaluate(AbstractPipeline.java:234)
?[0m?[0;34m	at java.base/java.util.stream.ReferencePipeline.forEach(ReferencePipeline.java:596)
?[0m?[0;34m	at visualizer.UndirectedGraph.removeVertex(UndirectedGraph.java:164)
?[0m?[0;34m	at visualizer.Vertex.removeVertex(Vertex.java:119)
?[0m?[0;34m	at visualizer.Vertex$1.mouseClicked(Vertex.java:64)
?[0m?[0;34m	at java.desktop/java.awt.Component.processMouseEvent(Component.java:6629)
?[0m?[0;34m	at java.desktop/javax.swing.JComponent.processMouseEvent(JComponent.java:3389)
?[0m?[0;34m	at java.desktop/java.awt.Component.processEvent(Component.java:6391)
?[0m?[0;34m	at java.desktop/java.awt.Container.processEvent(Container.java:2266)
?[0m?[0;34m	at java.desktop/java.awt.Component.dispatchEventImpl(Component.java:5001)
?[0m?[0;34m	at java.desktop/java.awt.Container.dispatchEventImpl(Container.java:2324)
?[0m?[0;34m	at java.desktop/java.awt.Component.dispatchEvent(Component.java:4833)
?[0m?[0;34m	at java.desktop/java.awt.LightweightDispatcher.retargetMouseEvent(Container.java:4948)
?[0m?[0;34m	at java.desktop/java.awt.LightweightDispatcher.processMouseEvent(Container.java:4584)
?[0m?[0;34m	at java.desktop/java.awt.LightweightDispatcher.dispatchEvent(Container.java:4516)
?[0m?[0;34m	at java.desktop/java.awt.Container.dispatchEventImpl(Container.java:2310)
?[0m?[0;34m	at java.desktop/java.awt.Window.dispatchEventImpl(Window.java:2780)
?[0m?[0;34m	at java.desktop/java.awt.Component.dispatchEvent(Component.java:4833)
?[0m?[0;34m	at java.desktop/java.awt.EventQueue.dispatchEventImpl(EventQueue.java:773)
?[0m?[0;34m	at java.desktop/java.awt.EventQueue$4.run(EventQueue.java:722)
?[0m?[0;34m	at java.desktop/java.awt.EventQueue$4.run(EventQueue.java:716)
?[0m?[0;34m	at java.base/java.security.AccessController.doPrivileged(AccessController.java:399)
?[0m?[0;34m	at java.base/java.security.ProtectionDomain$JavaSecurityAccessImpl.doIntersectionPrivilege(ProtectionDomain.java:86)
?[0m?[0;34m	at java.base/java.security.ProtectionDomain$JavaSecurityAccessImpl.doIntersectionPrivilege(ProtectionDomain.java:97)
?[0m?[0;34m	at java.desktop/java.awt.EventQueue$5.run(EventQueue.java:746)
?[0m?[0;34m	at java.desktop/java.awt.EventQueue$5.run(EventQueue.java:744)
?[0m?[0;34m	at java.base/java.security.AccessController.doPrivileged(AccessController.java:399)
?[0m?[0;34m	at java.base/java.security.ProtectionDomain$JavaSecurityAccessImpl.doIntersectionPrivilege(ProtectionDomain.java:86)
?[0m?[0;34m	at java.desktop/java.awt.EventQueue.dispatchEvent(EventQueue.java:743)
?[0m?[0;34m	at java.desktop/java.awt.EventDispatchThread.pumpOneEventForFilters(EventDispatchThread.java:203)
?[0m?[0;34m	at java.desktop/java.awt.EventDispatchThread.pumpEventsForFilter(EventDispatchThread.java:124)
?[0m?[0;34m	at java.desktop/java.awt.EventDispatchThread.pumpEventsForHierarchy(EventDispatchThread.java:113)
?[0m?[0;34m	at java.desktop/java.awt.EventDispatchThread.pumpEvents(EventDispatchThread.java:109)
?[0m?[0;34m	at java.desktop/java.awt.EventDispatchThread.pumpEvents(EventDispatchThread.java:101)
?[0m?[0;34m	at java.desktop/java.awt.EventDispatchThread.run(EventDispatchThread.java:90)
?[0m?[0;34mException in thread "AWT-EventQueue-0" java.util.ConcurrentModificationException
?[0m?[0;34m	at java.base/java.util.HashMap$KeySpliterator.forEachRemaining(HashMap.java:1712)
?[0m?[0;34m	at java.base/java.util.stream.AbstractPipeline.copyInto(AbstractPipeline.java:509)
?[0m?[0;34m	at java.base/java.util.stream.AbstractPipeline.wrapAndCopyInto(AbstractPipeline.java:499)
?[0m?[0;34m	at java.base/java.util.stream.ForEachOps$ForEachOp.evaluateSequential(ForEachOps.java:150)
?[0m?[0;34m	at java.base/java.util.stream.ForEachOps$ForEachOp$OfRef.evaluateSequential(ForEachOps.java:173)
?[0m?[0;34m	at java.base/java.util.stream.AbstractPipeline.evaluate(AbstractPipeline.java:234)
?[0m?[0;34m	at java.base/java.util.stream.ReferencePipeline.forEach(ReferencePipeline.java:596)
?[0m?[0;34m	at visualizer.UndirectedGraph.removeVertex(UndirectedGraph.java:164)
?[0m?[0;34m	at visualizer.Vertex.removeVertex(Vertex.java:119)
?[0m?[0;34m	at visualizer.Vertex$1.mouseClicked(Vertex.java:64)
?[0m?[0;34m	at java.desktop/java.awt.Component.processMouseEvent(Component.java:6629)
?[0m?[0;34m	at java.desktop/javax.swing.JComponent.processMouseEvent(JComponent.java:3389)
?[0m?[0;34m	at java.desktop/java.awt.Component.processEvent(Component.java:6391)
?[0m?[0;34m	at java.desktop/java.awt.Container.processEvent(Container.java:2266)
?[0m?[0;34m	at java.desktop/java.awt.Component.dispatchEventImpl(Component.java:5001)
?[0m?[0;34m	at java.desktop/java.awt.Container.dispatchEventImpl(Container.java:2324)
?[0m?[0;34m	at java.desktop/java.awt.Component.dispatchEvent(Component.java:4833)
?[0m?[0;34m	at java.desktop/java.awt.LightweightDispatcher.retargetMouseEvent(Container.java:4948)
?[0m?[0;34m	at java.desktop/java.awt.LightweightDispatcher.processMouseEvent(Container.java:4584)
?[0m?[0;34m	at java.desktop/java.awt.LightweightDispatcher.dispatchEvent(Container.java:4516)
?[0m?[0;34m	at java.desktop/java.awt.Container.dispatchEventImpl(Container.java:2310)
?[0m?[0;34m	at java.desktop/java.awt.Window.dispatchEventImpl(Window.java:2780)
?[0m?[0;34m	at java.desktop/java.awt.Component.dispatchEvent(Component.java:4833)
?[0m?[0;34m	at java.desktop/java.awt.EventQueue.dispatchEventImpl(EventQueue.java:773)
?[0m?[0;34m	at java.desktop/java.awt.EventQueue$4.run(EventQueue.java:722)
?[0m?[0;34m	at java.desktop/java.awt.EventQueue$4.run(EventQueue.java:716)
?[0m?[0;34m	at java.base/java.security.AccessController.doPrivileged(AccessController.java:399)
?[0m?[0;34m	at java.base/java.security.ProtectionDomain$JavaSecurityAccessImpl.doIntersectionPrivilege(ProtectionDomain.java:86)
?[0m?[0;34m	at java.base/java.security.ProtectionDomain$JavaSecurityAccessImpl.doIntersectionPrivilege(ProtectionDomain.java:97)
?[0m?[0;34m	at java.desktop/java.awt.EventQueue$5.run(EventQueue.java:746)
?[0m?[0;34m	at java.desktop/java.awt.EventQueue$5.run(EventQueue.java:744)
?[0m?[0;34m	at java.base/java.security.AccessController.doPrivileged(AccessController.java:399)
?[0m?[0;34m	at java.base/java.security.ProtectionDomain$JavaSecurityAccessImpl.doIntersectionPrivilege(ProtectionDomain.java:86)
?[0m?[0;34m	at java.desktop/java.awt.EventQueue.dispatchEvent(EventQueue.java:743)
?[0m?[0;34m	at java.desktop/java.awt.EventDispatchThread.pumpOneEventForFilters(EventDispatchThread.java:203)
?[0m?[0;34m	at java.desktop/java.awt.EventDispatchThread.pumpEventsForFilter(EventDispatchThread.java:124)
?[0m?[0;34m	at java.desktop/java.awt.EventDispatchThread.pumpEventsForHierarchy(EventDispatchThread.java:113)
?[0m?[0;34m	at java.desktop/java.awt.EventDispatchThread.pumpEvents(EventDispatchThread.java:109)
?[0m?[0;34m	at java.desktop/java.awt.EventDispatchThread.pumpEvents(EventDispatchThread.java:101)
?[0m?[0;34m	at java.desktop/java.awt.EventDispatchThread.run(EventDispatchThread.java:90)
?[0m?[0;34mException in thread "AWT-EventQueue-0" java.util.ConcurrentModificationException
?[0m?[0;34m	at java.base/java.util.HashMap$KeySpliterator.forEachRemaining(HashMap.java:1712)
?[0m?[0;34m	at java.base/java.util.stream.AbstractPipeline.copyInto(AbstractPipeline.java:509)
?[0m?[0;34m	at java.base/java.util.stream.AbstractPipeline.wrapAndCopyInto(AbstractPipeline.java:499)
?[0m?[0;34m	at java.base/java.util.stream.ForEachOps$ForEachOp.evaluateSequential(ForEachOps.java:150)
?[0m?[0;34m	at java.base/java.util.stream.ForEachOps$ForEachOp$OfRef.evaluateSequential(ForEachOps.java:173)
?[0m?[0;34m	at java.base/java.util.stream.AbstractPipeline.evaluate(AbstractPipeline.java:234)
?[0m?[0;34m	at java.base/java.util.stream.ReferencePipeline.forEach(ReferencePipeline.java:596)
?[0m?[0;34m	at visualizer.UndirectedGraph.removeVertex(UndirectedGraph.java:164)
?[0m?[0;34m	at visualizer.Vertex.removeVertex(Vertex.java:119)
?[0m?[0;34m	at visualizer.Vertex$1.mouseClicked(Vertex.java:64)
?[0m?[0;34m	at java.desktop/java.awt.Component.processMouseEvent(Component.java:6629)
?[0m?[0;34m	at java.desktop/javax.swing.JComponent.processMouseEvent(JComponent.java:3389)
?[0m?[0;34m	at java.desktop/java.awt.Component.processEvent(Component.java:6391)
?[0m?[0;34m	at java.desktop/java.awt.Container.processEvent(Container.java:2266)
?[0m?[0;34m	at java.desktop/java.awt.Component.dispatchEventImpl(Component.java:5001)
?[0m?[0;34m	at java.desktop/java.awt.Container.dispatchEventImpl(Container.java:2324)
?[0m?[0;34m	at java.desktop/java.awt.Component.dispatchEvent(Component.java:4833)
?[0m?[0;34m	at java.desktop/java.awt.LightweightDispatcher.retargetMouseEvent(Container.java:4948)
?[0m?[0;34m	at java.desktop/java.awt.LightweightDispatcher.processMouseEvent(Container.java:4584)
?[0m?[0;34m	at java.desktop/java.awt.LightweightDispatcher.dispatchEvent(Container.java:4516)
?[0m?[0;34m	at java.desktop/java.awt.Container.dispatchEventImpl(Container.java:2310)
?[0m?[0;34m	at java.desktop/java.awt.Window.dispatchEventImpl(Window.java:2780)
?[0m?[0;34m	at java.desktop/java.awt.Component.dispatchEvent(Component.java:4833)
?[0m?[0;34m	at java.desktop/java.awt.EventQueue.dispatchEventImpl(EventQueue.java:773)
?[0m?[0;34m	at java.desktop/java.awt.EventQueue$4.run(EventQueue.java:722)
?[0m?[0;34m	at java.desktop/java.awt.EventQueue$4.run(EventQueue.java:716)
?[0m?[0;34m	at java.base/java.security.AccessController.doPrivileged(AccessController.java:399)
?[0m?[0;34m	at java.base/java.security.ProtectionDomain$JavaSecurityAccessImpl.doIntersectionPrivilege(ProtectionDomain.java:86)
?[0m?[0;34m	at java.base/java.security.ProtectionDomain$JavaSecurityAccessImpl.doIntersectionPrivilege(ProtectionDomain.java:97)
?[0m?[0;34m	at java.desktop/java.awt.EventQueue$5.run(EventQueue.java:746)
?[0m?[0;34m	at java.desktop/java.awt.EventQueue$5.run(EventQueue.java:744)
?[0m?[0;34m	at java.base/java.security.AccessController.doPrivileged(AccessController.java:399)
?[0m?[0;34m	at java.base/java.security.ProtectionDomain$JavaSecurityAccessImpl.doIntersectionPrivilege(ProtectionDomain.java:86)
?[0m?[0;34m	at java.desktop/java.awt.EventQueue.dispatchEvent(EventQueue.java:743)
?[0m?[0;34m	at java.desktop/java.awt.EventDispatchThread.pumpOneEventForFilters(EventDispatchThread.java:203)
?[0m?[0;34m	at java.desktop/java.awt.EventDispatchThread.pumpEventsForFilter(EventDispatchThread.java:124)
?[0m?[0;34m	at java.desktop/java.awt.EventDispatchThread.pumpEventsForHierarchy(EventDispatchThread.java:113)
?[0m?[0;34m	at java.desktop/java.awt.EventDispatchThread.pumpEvents(EventDispatchThread.java:109)
?[0m?[0;34m	at java.desktop/java.awt.EventDispatchThread.pumpEvents(EventDispatchThread.java:101)
?[0m?[0;34m	at java.desktop/java.awt.EventDispatchThread.run(EventDispatchThread.java:90)
?[0m?[0;34mException in thread "AWT-EventQueue-0" java.util.ConcurrentModificationException
?[0m?[0;34m	at java.base/java.util.HashMap$KeySpliterator.forEachRemaining(HashMap.java:1712)
?[0m?[0;34m	at java.base/java.util.stream.AbstractPipeline.copyInto(AbstractPipeline.java:509)
?[0m?[0;34m	at java.base/java.util.stream.AbstractPipeline.wrapAndCopyInto(AbstractPipeline.java:499)
?[0m?[0;34m	at java.base/java.util.stream.ForEachOps$ForEachOp.evaluateSequential(ForEachOps.java:150)
?[0m?[0;34m	at java.base/java.util.stream.ForEachOps$ForEachOp$OfRef.evaluateSequential(ForEachOps.java:173)
?[0m?[0;34m	at java.base/java.util.stream.AbstractPipeline.evaluate(AbstractPipeline.java:234)
?[0m?[0;34m	at java.base/java.util.stream.ReferencePipeline.forEach(ReferencePipeline.java:596)
?[0m?[0;34m	at visualizer.UndirectedGraph.removeVertex(UndirectedGraph.java:164)
?[0m?[0;34m	at visualizer.Vertex.removeVertex(Vertex.java:119)
?[0m?[0;34m	at visualizer.Vertex$1.mouseClicked(Vertex.java:64)
?[0m?[0;34m	at java.desktop/java.awt.Component.processMouseEvent(Component.java:6629)
?[0m?[0;34m	at java.desktop/javax.swing.JComponent.processMouseEvent(JComponent.java:3389)
?[0m?[0;34m	at java.desktop/java.awt.Component.processEvent(Component.java:6391)
?[0m?[0;34m	at java.desktop/java.awt.Container.processEvent(Container.java:2266)
?[0m?[0;34m	at java.desktop/java.awt.Component.dispatchEventImpl(Component.java:5001)
?[0m?[0;34m	at java.desktop/java.awt.Container.dispatchEventImpl(Container.java:2324)
?[0m?[0;34m	at java.desktop/java.awt.Component.dispatchEvent(Component.java:4833)
?[0m?[0;34m	at java.desktop/java.awt.LightweightDispatcher.retargetMouseEvent(Container.java:4948)
?[0m?[0;34m	at java.desktop/java.awt.LightweightDispatcher.processMouseEvent(Container.java:4584)
?[0m?[0;34m	at java.desktop/java.awt.LightweightDispatcher.dispatchEvent(Container.java:4516)
?[0m?[0;34m	at java.desktop/java.awt.Container.dispatchEventImpl(Container.java:2310)
?[0m?[0;34m	at java.desktop/java.awt.Window.dispatchEventImpl(Window.java:2780)
?[0m?[0;34m	at java.desktop/java.awt.Component.dispatchEvent(Component.java:4833)
?[0m?[0;34m	at java.desktop/java.awt.EventQueue.dispatchEventImpl(EventQueue.java:773)
?[0m?[0;34m	at java.desktop/java.awt.EventQueue$4.run(EventQueue.java:722)
?[0m?[0;34m	at java.desktop/java.awt.EventQueue$4.run(EventQueue.java:716)
?[0m?[0;34m	at java.base/java.security.AccessController.doPrivileged(AccessController.java:399)
?[0m?[0;34m	at java.base/java.security.ProtectionDomain$JavaSecurityAccessImpl.doIntersectionPrivilege(ProtectionDomain.java:86)
?[0m?[0;34m	at java.base/java.security.ProtectionDomain$JavaSecurityAccessImpl.doIntersectionPrivilege(ProtectionDomain.java:97)
?[0m?[0;34m	at java.desktop/java.awt.EventQueue$5.run(EventQueue.java:746)
?[0m?[0;34m	at java.desktop/java.awt.EventQueue$5.run(EventQueue.java:744)
?[0m?[0;34m	at java.base/java.security.AccessController.doPrivileged(AccessController.java:399)
?[0m?[0;34m	at java.base/java.security.ProtectionDomain$JavaSecurityAccessImpl.doIntersectionPrivilege(ProtectionDomain.java:86)
?[0m?[0;34m	at java.desktop/java.awt.EventQueue.dispatchEvent(EventQueue.java:743)
?[0m?[0;34m	at java.desktop/java.awt.EventDispatchThread.pumpOneEventForFilters(EventDispatchThread.java:203)
?[0m?[0;34m	at java.desktop/java.awt.EventDispatchThread.pumpEventsForFilter(EventDispatchThread.java:124)
?[0m?[0;34m	at java.desktop/java.awt.EventDispatchThread.pumpEventsForHierarchy(EventDispatchThread.java:113)
?[0m?[0;34m	at java.desktop/java.awt.EventDispatchThread.pumpEvents(EventDispatchThread.java:109)
?[0m?[0;34m	at java.desktop/java.awt.EventDispatchThread.pumpEvents(EventDispatchThread.java:101)
?[0m?[0;34m	at java.desktop/java.awt.EventDispatchThread.run(EventDispatchThread.java:90)
]]></system-err>
</testsuite>
