<?xml version="1.0" encoding="UTF-8"?>
<testsuite name="_1_InitialTests" tests="1" skipped="0" failures="0" errors="0" timestamp="2023-03-26T23:36:15" hostname="LLTWN.local" time="8.299">
  <properties/>
  <testcase name="start" classname="_1_InitialTests" time="8.299"/>
  <system-out><![CDATA[?[1;31m
Start test 1?[0m
?[1;31m
Start test 2?[0m
?[1;31m
Start test 3?[0m
?[1;31m
Start test 4?[0m
]]></system-out>
  <system-err><![CDATA[?[0;34mException in thread "AWT-EventQueue-0" org.hyperskill.hstest.dynamic.security.ExitException: Tried to exit with status 0.
?[0m?[0;34m	at org.hyperskill.hstest.dynamic.security.TestingSecurityManager.checkExit(TestingSecurityManager.java:50)
?[0m?[0;34m	at java.base/java.lang.Runtime.exit(Runtime.java:113)
?[0m?[0;34m	at java.base/java.lang.System.exit(System.java:1860)
?[0m?[0;34m	at visualizer.DefaultMenuBar.lambda$initComponents$1(DefaultMenuBar.java:40)
?[0m?[0;34m	at java.desktop/javax.swing.AbstractButton.fireActionPerformed(AbstractButton.java:1972)
?[0m?[0;34m	at java.desktop/javax.swing.AbstractButton$Handler.actionPerformed(AbstractButton.java:2313)
?[0m?[0;34m	at java.desktop/javax.swing.DefaultButtonModel.fireActionPerformed(DefaultButtonModel.java:405)
?[0m?[0;34m	at java.desktop/javax.swing.DefaultButtonModel.setPressed(DefaultButtonModel.java:262)
?[0m?[0;34m	at java.desktop/javax.swing.AbstractButton.doClick(AbstractButton.java:374)
?[0m?[0;34m	at java.desktop/javax.swing.plaf.basic.BasicMenuItemUI.doClick(BasicMenuItemUI.java:1028)
?[0m?[0;34m	at java.desktop/com.apple.laf.AquaMenuItemUI.doClick(AquaMenuItemUI.java:157)
?[0m?[0;34m	at java.desktop/javax.swing.plaf.basic.BasicMenuItemUI$Handler.mouseReleased(BasicMenuItemUI.java:1072)
?[0m?[0;34m	at java.desktop/java.awt.Component.processMouseEvent(Component.java:6626)
?[0m?[0;34m	at java.desktop/javax.swing.JComponent.processMouseEvent(JComponent.java:3389)
?[0m?[0;34m	at java.desktop/java.awt.Component.processEvent(Component.java:6391)
?[0m?[0;34m	at java.desktop/java.awt.Container.processEvent(Container.java:2266)
?[0m?[0;34m	at java.desktop/java.awt.Component.dispatchEventImpl(Component.java:5001)
?[0m?[0;34m	at java.desktop/java.awt.Container.dispatchEventImpl(Container.java:2324)
?[0m?[0;34m	at java.desktop/java.awt.Component.dispatchEvent(Component.java:4833)
?[0m?[0;34m	at java.desktop/java.awt.LightweightDispatcher.retargetMouseEvent(Container.java:4948)
?[0m?[0;34m	at java.desktop/java.awt.LightweightDispatcher.processMouseEvent(Container.java:4575)
?[0m?[0;34m	at java.desktop/java.awt.LightweightDispatcher.dispatchEvent(Container.java:4516)
?[0m?[0;34m	at java.desktop/java.awt.Container.dispatchEventImpl(Container.java:2310)
?[0m?[0;34m	at java.desktop/java.awt.Window.dispatchEventImpl(Window.java:2780)
?[0m?[0;34m	at java.desktop/java.awt.Component.dispatchEvent(Component.java:4833)
?[0m?[0;34m	at java.desktop/java.awt.EventQueue.dispatchEventImpl(EventQueue.java:773)
?[0m?[0;34m	at java.desktop/java.awt.EventQueue$4.run(EventQueue.java:722)
?[0m?[0;34m	at java.desktop/java.awt.EventQueue$4.run(EventQueue.java:716)
?[0m?[0;34m	at java.base/java.security.AccessController.doPrivileged(AccessController.java:399)
?[0m?[0;34m	at java.base/java.security.ProtectionDomain$JavaSecurityAccessImpl.doIntersectionPrivilege(ProtectionDomain.java:86)
?[0m?[0;34m	at java.base/java.security.ProtectionDomain$JavaSecurityAccessImpl.doIntersectionPrivilege(ProtectionDomain.java:97)
?[0m?[0;34m	at java.desktop/java.awt.EventQueue$5.run(EventQueue.java:746)
?[0m?[0;34m	at java.desktop/java.awt.EventQueue$5.run(EventQueue.java:744)
?[0m?[0;34m	at java.base/java.security.AccessController.doPrivileged(AccessController.java:399)
?[0m?[0;34m	at java.base/java.security.ProtectionDomain$JavaSecurityAccessImpl.doIntersectionPrivilege(ProtectionDomain.java:86)
?[0m?[0;34m	at java.desktop/java.awt.EventQueue.dispatchEvent(EventQueue.java:743)
?[0m?[0;34m	at java.desktop/java.awt.EventDispatchThread.pumpOneEventForFilters(EventDispatchThread.java:203)
?[0m?[0;34m	at java.desktop/java.awt.EventDispatchThread.pumpEventsForFilter(EventDispatchThread.java:124)
?[0m?[0;34m	at java.desktop/java.awt.EventDispatchThread.pumpEventsForHierarchy(EventDispatchThread.java:113)
?[0m?[0;34m	at java.desktop/java.awt.EventDispatchThread.pumpEvents(EventDispatchThread.java:109)
?[0m?[0;34m	at java.desktop/java.awt.EventDispatchThread.pumpEvents(EventDispatchThread.java:101)
?[0m?[0;34m	at java.desktop/java.awt.EventDispatchThread.run(EventDispatchThread.java:90)
]]></system-err>
</testsuite>
